ARM GAS  C:\msys64\tmp\cc5DyKDT.s 			page 1


   1              		.cpu cortex-m7
   2              		.arch armv7e-m
   3              		.fpu fpv5-sp-d16
   4              		.eabi_attribute 27, 1
   5              		.eabi_attribute 28, 1
   6              		.eabi_attribute 20, 1
   7              		.eabi_attribute 21, 1
   8              		.eabi_attribute 23, 3
   9              		.eabi_attribute 24, 1
  10              		.eabi_attribute 25, 1
  11              		.eabi_attribute 26, 1
  12              		.eabi_attribute 30, 1
  13              		.eabi_attribute 34, 1
  14              		.eabi_attribute 18, 4
  15              		.file	"ds18b20.c"
  16              		.text
  17              	.Ltext0:
  18              		.cfi_sections	.debug_frame
  19              		.section	.text.Set_Pin_Output,"ax",%progbits
  20              		.align	1
  21              		.global	Set_Pin_Output
  22              		.syntax unified
  23              		.thumb
  24              		.thumb_func
  26              	Set_Pin_Output:
  27              	.LVL0:
  28              	.LFB141:
  29              		.file 1 "Drivers/Sensors/Src/ds18b20.c"
   1:Drivers/Sensors/Src/ds18b20.c **** /*
   2:Drivers/Sensors/Src/ds18b20.c **** *
   3:Drivers/Sensors/Src/ds18b20.c **** *
   4:Drivers/Sensors/Src/ds18b20.c **** */
   5:Drivers/Sensors/Src/ds18b20.c **** #include "stm32f7xx_hal.h"  
   6:Drivers/Sensors/Src/ds18b20.c **** #include "ds18b20.h"
   7:Drivers/Sensors/Src/ds18b20.c **** #include "dwt_delay.h"
   8:Drivers/Sensors/Src/ds18b20.c **** 
   9:Drivers/Sensors/Src/ds18b20.c **** /************DS18b20 Definations*******************/
  10:Drivers/Sensors/Src/ds18b20.c **** uint8_t Presence = 0;
  11:Drivers/Sensors/Src/ds18b20.c **** uint8_t Temp_byte1, Temp_byte2;
  12:Drivers/Sensors/Src/ds18b20.c **** float Temperature = 0;
  13:Drivers/Sensors/Src/ds18b20.c **** float Temperature_2 = 0;
  14:Drivers/Sensors/Src/ds18b20.c **** uint16_t TEMP;
  15:Drivers/Sensors/Src/ds18b20.c **** /************End*******************/
  16:Drivers/Sensors/Src/ds18b20.c **** 
  17:Drivers/Sensors/Src/ds18b20.c **** void Set_Pin_Output (GPIO_TypeDef *GPIOx, uint16_t GPIO_Pin)
  18:Drivers/Sensors/Src/ds18b20.c **** {
  30              		.loc 1 18 1 view -0
  31              		.cfi_startproc
  32              		@ args = 0, pretend = 0, frame = 24
  33              		@ frame_needed = 0, uses_anonymous_args = 0
  34              		.loc 1 18 1 is_stmt 0 view .LVU1
  35 0000 00B5     		push	{lr}
  36              	.LCFI0:
  37              		.cfi_def_cfa_offset 4
  38              		.cfi_offset 14, -4
  39 0002 87B0     		sub	sp, sp, #28
  40              	.LCFI1:
ARM GAS  C:\msys64\tmp\cc5DyKDT.s 			page 2


  41              		.cfi_def_cfa_offset 32
  19:Drivers/Sensors/Src/ds18b20.c **** 	GPIO_InitTypeDef GPIO_InitStruct = {0};
  42              		.loc 1 19 2 is_stmt 1 view .LVU2
  43              		.loc 1 19 19 is_stmt 0 view .LVU3
  44 0004 0023     		movs	r3, #0
  45 0006 0193     		str	r3, [sp, #4]
  46 0008 0293     		str	r3, [sp, #8]
  47 000a 0393     		str	r3, [sp, #12]
  48 000c 0493     		str	r3, [sp, #16]
  49 000e 0593     		str	r3, [sp, #20]
  20:Drivers/Sensors/Src/ds18b20.c **** 	GPIO_InitStruct.Pin = GPIO_Pin;
  50              		.loc 1 20 2 is_stmt 1 view .LVU4
  51              		.loc 1 20 22 is_stmt 0 view .LVU5
  52 0010 0191     		str	r1, [sp, #4]
  21:Drivers/Sensors/Src/ds18b20.c **** 	GPIO_InitStruct.Mode = GPIO_MODE_OUTPUT_PP;
  53              		.loc 1 21 2 is_stmt 1 view .LVU6
  54              		.loc 1 21 23 is_stmt 0 view .LVU7
  55 0012 0123     		movs	r3, #1
  56 0014 0293     		str	r3, [sp, #8]
  22:Drivers/Sensors/Src/ds18b20.c **** 	GPIO_InitStruct.Speed = GPIO_SPEED_FREQ_LOW;
  57              		.loc 1 22 2 is_stmt 1 view .LVU8
  23:Drivers/Sensors/Src/ds18b20.c **** 	HAL_GPIO_Init(GPIOx, &GPIO_InitStruct);
  58              		.loc 1 23 2 view .LVU9
  59 0016 01A9     		add	r1, sp, #4
  60              	.LVL1:
  61              		.loc 1 23 2 is_stmt 0 view .LVU10
  62 0018 FFF7FEFF 		bl	HAL_GPIO_Init
  63              	.LVL2:
  24:Drivers/Sensors/Src/ds18b20.c **** }
  64              		.loc 1 24 1 view .LVU11
  65 001c 07B0     		add	sp, sp, #28
  66              	.LCFI2:
  67              		.cfi_def_cfa_offset 4
  68              		@ sp needed
  69 001e 5DF804FB 		ldr	pc, [sp], #4
  70              		.cfi_endproc
  71              	.LFE141:
  73              		.section	.text.Set_Pin_Input,"ax",%progbits
  74              		.align	1
  75              		.global	Set_Pin_Input
  76              		.syntax unified
  77              		.thumb
  78              		.thumb_func
  80              	Set_Pin_Input:
  81              	.LVL3:
  82              	.LFB142:
  25:Drivers/Sensors/Src/ds18b20.c **** void Set_Pin_Input (GPIO_TypeDef *GPIOx, uint16_t GPIO_Pin)
  26:Drivers/Sensors/Src/ds18b20.c **** {
  83              		.loc 1 26 1 is_stmt 1 view -0
  84              		.cfi_startproc
  85              		@ args = 0, pretend = 0, frame = 24
  86              		@ frame_needed = 0, uses_anonymous_args = 0
  87              		.loc 1 26 1 is_stmt 0 view .LVU13
  88 0000 00B5     		push	{lr}
  89              	.LCFI3:
  90              		.cfi_def_cfa_offset 4
  91              		.cfi_offset 14, -4
ARM GAS  C:\msys64\tmp\cc5DyKDT.s 			page 3


  92 0002 87B0     		sub	sp, sp, #28
  93              	.LCFI4:
  94              		.cfi_def_cfa_offset 32
  27:Drivers/Sensors/Src/ds18b20.c **** 	GPIO_InitTypeDef GPIO_InitStruct = {0};
  95              		.loc 1 27 2 is_stmt 1 view .LVU14
  96              		.loc 1 27 19 is_stmt 0 view .LVU15
  97 0004 0023     		movs	r3, #0
  98 0006 0193     		str	r3, [sp, #4]
  99 0008 0293     		str	r3, [sp, #8]
 100 000a 0393     		str	r3, [sp, #12]
 101 000c 0493     		str	r3, [sp, #16]
 102 000e 0593     		str	r3, [sp, #20]
  28:Drivers/Sensors/Src/ds18b20.c **** 	GPIO_InitStruct.Pin = GPIO_Pin;
 103              		.loc 1 28 2 is_stmt 1 view .LVU16
 104              		.loc 1 28 22 is_stmt 0 view .LVU17
 105 0010 0191     		str	r1, [sp, #4]
  29:Drivers/Sensors/Src/ds18b20.c **** 	GPIO_InitStruct.Mode = GPIO_MODE_INPUT;
 106              		.loc 1 29 2 is_stmt 1 view .LVU18
  30:Drivers/Sensors/Src/ds18b20.c **** 	GPIO_InitStruct.Pull = GPIO_PULLUP;
 107              		.loc 1 30 2 view .LVU19
 108              		.loc 1 30 23 is_stmt 0 view .LVU20
 109 0012 0123     		movs	r3, #1
 110 0014 0393     		str	r3, [sp, #12]
  31:Drivers/Sensors/Src/ds18b20.c **** 	HAL_GPIO_Init(GPIOx, &GPIO_InitStruct);
 111              		.loc 1 31 2 is_stmt 1 view .LVU21
 112 0016 01A9     		add	r1, sp, #4
 113              	.LVL4:
 114              		.loc 1 31 2 is_stmt 0 view .LVU22
 115 0018 FFF7FEFF 		bl	HAL_GPIO_Init
 116              	.LVL5:
  32:Drivers/Sensors/Src/ds18b20.c **** }
 117              		.loc 1 32 1 view .LVU23
 118 001c 07B0     		add	sp, sp, #28
 119              	.LCFI5:
 120              		.cfi_def_cfa_offset 4
 121              		@ sp needed
 122 001e 5DF804FB 		ldr	pc, [sp], #4
 123              		.cfi_endproc
 124              	.LFE142:
 126              		.section	.text.DS18B20_Start,"ax",%progbits
 127              		.align	1
 128              		.global	DS18B20_Start
 129              		.syntax unified
 130              		.thumb
 131              		.thumb_func
 133              	DS18B20_Start:
 134              	.LFB143:
  33:Drivers/Sensors/Src/ds18b20.c **** 
  34:Drivers/Sensors/Src/ds18b20.c **** uint8_t DS18B20_Start (void)
  35:Drivers/Sensors/Src/ds18b20.c **** {
 135              		.loc 1 35 1 is_stmt 1 view -0
 136              		.cfi_startproc
 137              		@ args = 0, pretend = 0, frame = 0
 138              		@ frame_needed = 0, uses_anonymous_args = 0
 139 0000 10B5     		push	{r4, lr}
 140              	.LCFI6:
 141              		.cfi_def_cfa_offset 8
ARM GAS  C:\msys64\tmp\cc5DyKDT.s 			page 4


 142              		.cfi_offset 4, -8
 143              		.cfi_offset 14, -4
  36:Drivers/Sensors/Src/ds18b20.c **** 	uint8_t Response = 0;
 144              		.loc 1 36 2 view .LVU25
 145              	.LVL6:
  37:Drivers/Sensors/Src/ds18b20.c **** 	Set_Pin_Output(DS18B20_PORT, DS18B20_PIN);   // set the pin as output
 146              		.loc 1 37 2 view .LVU26
 147 0002 134C     		ldr	r4, .L9
 148 0004 4FF40051 		mov	r1, #8192
 149 0008 2046     		mov	r0, r4
 150 000a FFF7FEFF 		bl	Set_Pin_Output
 151              	.LVL7:
  38:Drivers/Sensors/Src/ds18b20.c **** 	HAL_GPIO_WritePin (DS18B20_PORT, DS18B20_PIN, LOW);  // pull the pin low
 152              		.loc 1 38 2 view .LVU27
 153 000e 0022     		movs	r2, #0
 154 0010 4FF40051 		mov	r1, #8192
 155 0014 2046     		mov	r0, r4
 156 0016 FFF7FEFF 		bl	HAL_GPIO_WritePin
 157              	.LVL8:
  39:Drivers/Sensors/Src/ds18b20.c **** 	DWT_Delay(480);   // delay according to datasheet
 158              		.loc 1 39 2 view .LVU28
 159 001a 4FF4F070 		mov	r0, #480
 160 001e FFF7FEFF 		bl	DWT_Delay
 161              	.LVL9:
  40:Drivers/Sensors/Src/ds18b20.c **** 	Set_Pin_Input(DS18B20_PORT, DS18B20_PIN);    // set the pin as input
 162              		.loc 1 40 2 view .LVU29
 163 0022 4FF40051 		mov	r1, #8192
 164 0026 2046     		mov	r0, r4
 165 0028 FFF7FEFF 		bl	Set_Pin_Input
 166              	.LVL10:
  41:Drivers/Sensors/Src/ds18b20.c **** 	DWT_Delay(80);    // delay according to datasheet
 167              		.loc 1 41 2 view .LVU30
 168 002c 5020     		movs	r0, #80
 169 002e FFF7FEFF 		bl	DWT_Delay
 170              	.LVL11:
  42:Drivers/Sensors/Src/ds18b20.c **** 
  43:Drivers/Sensors/Src/ds18b20.c **** 	if (!(HAL_GPIO_ReadPin (DS18B20_PORT, DS18B20_PIN))) Response = 1;    // if the pin is low i.e the
 171              		.loc 1 43 2 view .LVU31
 172              		.loc 1 43 8 is_stmt 0 view .LVU32
 173 0032 4FF40051 		mov	r1, #8192
 174 0036 2046     		mov	r0, r4
 175 0038 FFF7FEFF 		bl	HAL_GPIO_ReadPin
 176              	.LVL12:
 177              		.loc 1 43 5 view .LVU33
 178 003c 30B9     		cbnz	r0, .L7
 179              		.loc 1 43 64 view .LVU34
 180 003e 0124     		movs	r4, #1
 181              	.L6:
 182              	.LVL13:
  44:Drivers/Sensors/Src/ds18b20.c **** 	else Response = -1;
  45:Drivers/Sensors/Src/ds18b20.c **** 
  46:Drivers/Sensors/Src/ds18b20.c **** 	DWT_Delay(400); // 480 us delay totally.
 183              		.loc 1 46 2 is_stmt 1 view .LVU35
 184 0040 4FF4C870 		mov	r0, #400
 185 0044 FFF7FEFF 		bl	DWT_Delay
 186              	.LVL14:
  47:Drivers/Sensors/Src/ds18b20.c **** 
ARM GAS  C:\msys64\tmp\cc5DyKDT.s 			page 5


  48:Drivers/Sensors/Src/ds18b20.c **** 	return Response;
 187              		.loc 1 48 2 view .LVU36
  49:Drivers/Sensors/Src/ds18b20.c **** }
 188              		.loc 1 49 1 is_stmt 0 view .LVU37
 189 0048 2046     		mov	r0, r4
 190 004a 10BD     		pop	{r4, pc}
 191              	.LVL15:
 192              	.L7:
  44:Drivers/Sensors/Src/ds18b20.c **** 	else Response = -1;
 193              		.loc 1 44 16 view .LVU38
 194 004c FF24     		movs	r4, #255
 195 004e F7E7     		b	.L6
 196              	.L10:
 197              		.align	2
 198              	.L9:
 199 0050 00100240 		.word	1073876992
 200              		.cfi_endproc
 201              	.LFE143:
 203              		.section	.text.DS18B20_Write,"ax",%progbits
 204              		.align	1
 205              		.global	DS18B20_Write
 206              		.syntax unified
 207              		.thumb
 208              		.thumb_func
 210              	DS18B20_Write:
 211              	.LVL16:
 212              	.LFB144:
  50:Drivers/Sensors/Src/ds18b20.c **** 
  51:Drivers/Sensors/Src/ds18b20.c **** void DS18B20_Write (uint8_t data)
  52:Drivers/Sensors/Src/ds18b20.c **** {
 213              		.loc 1 52 1 is_stmt 1 view -0
 214              		.cfi_startproc
 215              		@ args = 0, pretend = 0, frame = 0
 216              		@ frame_needed = 0, uses_anonymous_args = 0
 217              		.loc 1 52 1 is_stmt 0 view .LVU40
 218 0000 70B5     		push	{r4, r5, r6, lr}
 219              	.LCFI7:
 220              		.cfi_def_cfa_offset 16
 221              		.cfi_offset 4, -16
 222              		.cfi_offset 5, -12
 223              		.cfi_offset 6, -8
 224              		.cfi_offset 14, -4
 225 0002 0646     		mov	r6, r0
  53:Drivers/Sensors/Src/ds18b20.c **** 	Set_Pin_Output(DS18B20_PORT, DS18B20_PIN);  // set as output
 226              		.loc 1 53 2 is_stmt 1 view .LVU41
 227 0004 4FF40051 		mov	r1, #8192
 228 0008 1C48     		ldr	r0, .L18
 229              	.LVL17:
 230              		.loc 1 53 2 is_stmt 0 view .LVU42
 231 000a FFF7FEFF 		bl	Set_Pin_Output
 232              	.LVL18:
  54:Drivers/Sensors/Src/ds18b20.c **** 
  55:Drivers/Sensors/Src/ds18b20.c **** 	for (int i=0; i<8; i++)
 233              		.loc 1 55 2 is_stmt 1 view .LVU43
 234              	.LBB2:
 235              		.loc 1 55 7 view .LVU44
 236              		.loc 1 55 11 is_stmt 0 view .LVU45
ARM GAS  C:\msys64\tmp\cc5DyKDT.s 			page 6


 237 000e 0024     		movs	r4, #0
 238              		.loc 1 55 2 view .LVU46
 239 0010 14E0     		b	.L12
 240              	.LVL19:
 241              	.L13:
  56:Drivers/Sensors/Src/ds18b20.c **** 	{
  57:Drivers/Sensors/Src/ds18b20.c **** 
  58:Drivers/Sensors/Src/ds18b20.c **** 		if ((data & (1<<i))!=0)  // if the bit is high
  59:Drivers/Sensors/Src/ds18b20.c **** 		{
  60:Drivers/Sensors/Src/ds18b20.c **** 			// write 1
  61:Drivers/Sensors/Src/ds18b20.c **** 
  62:Drivers/Sensors/Src/ds18b20.c **** 			Set_Pin_Output(DS18B20_PORT, DS18B20_PIN);  // set as output
  63:Drivers/Sensors/Src/ds18b20.c **** 			HAL_GPIO_WritePin (DS18B20_PORT, DS18B20_PIN, LOW);  // pull the pin LOW
  64:Drivers/Sensors/Src/ds18b20.c **** 			DWT_Delay(1);  // wait for 1 us
  65:Drivers/Sensors/Src/ds18b20.c **** 
  66:Drivers/Sensors/Src/ds18b20.c **** 			Set_Pin_Input(DS18B20_PORT, DS18B20_PIN);  // set as input
  67:Drivers/Sensors/Src/ds18b20.c **** 			DWT_Delay(60);  // wait for 60 us
  68:Drivers/Sensors/Src/ds18b20.c **** 		}
  69:Drivers/Sensors/Src/ds18b20.c **** 
  70:Drivers/Sensors/Src/ds18b20.c **** 		else  // if the bit is low
  71:Drivers/Sensors/Src/ds18b20.c **** 		{
  72:Drivers/Sensors/Src/ds18b20.c **** 			// write 0
  73:Drivers/Sensors/Src/ds18b20.c **** 
  74:Drivers/Sensors/Src/ds18b20.c **** 			Set_Pin_Output(DS18B20_PORT, DS18B20_PIN);
 242              		.loc 1 74 4 is_stmt 1 view .LVU47
 243 0012 1A4D     		ldr	r5, .L18
 244 0014 4FF40051 		mov	r1, #8192
 245 0018 2846     		mov	r0, r5
 246 001a FFF7FEFF 		bl	Set_Pin_Output
 247              	.LVL20:
  75:Drivers/Sensors/Src/ds18b20.c **** 			HAL_GPIO_WritePin (DS18B20_PORT, DS18B20_PIN, LOW);  // pull the pin LOW
 248              		.loc 1 75 4 view .LVU48
 249 001e 0022     		movs	r2, #0
 250 0020 4FF40051 		mov	r1, #8192
 251 0024 2846     		mov	r0, r5
 252 0026 FFF7FEFF 		bl	HAL_GPIO_WritePin
 253              	.LVL21:
  76:Drivers/Sensors/Src/ds18b20.c **** 			DWT_Delay(60);  // wait for 60 us
 254              		.loc 1 76 4 view .LVU49
 255 002a 3C20     		movs	r0, #60
 256 002c FFF7FEFF 		bl	DWT_Delay
 257              	.LVL22:
  77:Drivers/Sensors/Src/ds18b20.c **** 
  78:Drivers/Sensors/Src/ds18b20.c **** 			Set_Pin_Input(DS18B20_PORT, DS18B20_PIN);
 258              		.loc 1 78 4 view .LVU50
 259 0030 4FF40051 		mov	r1, #8192
 260 0034 2846     		mov	r0, r5
 261 0036 FFF7FEFF 		bl	Set_Pin_Input
 262              	.LVL23:
 263              	.L14:
  55:Drivers/Sensors/Src/ds18b20.c **** 	{
 264              		.loc 1 55 21 discriminator 2 view .LVU51
  55:Drivers/Sensors/Src/ds18b20.c **** 	{
 265              		.loc 1 55 22 is_stmt 0 discriminator 2 view .LVU52
 266 003a 0134     		adds	r4, r4, #1
 267              	.LVL24:
 268              	.L12:
ARM GAS  C:\msys64\tmp\cc5DyKDT.s 			page 7


  55:Drivers/Sensors/Src/ds18b20.c **** 	{
 269              		.loc 1 55 16 is_stmt 1 discriminator 1 view .LVU53
  55:Drivers/Sensors/Src/ds18b20.c **** 	{
 270              		.loc 1 55 2 is_stmt 0 discriminator 1 view .LVU54
 271 003c 072C     		cmp	r4, #7
 272 003e 1CDC     		bgt	.L17
  58:Drivers/Sensors/Src/ds18b20.c **** 		{
 273              		.loc 1 58 3 is_stmt 1 view .LVU55
  58:Drivers/Sensors/Src/ds18b20.c **** 		{
 274              		.loc 1 58 22 is_stmt 0 view .LVU56
 275 0040 46FA04F3 		asr	r3, r6, r4
  58:Drivers/Sensors/Src/ds18b20.c **** 		{
 276              		.loc 1 58 6 view .LVU57
 277 0044 13F0010F 		tst	r3, #1
 278 0048 E3D0     		beq	.L13
  62:Drivers/Sensors/Src/ds18b20.c **** 			HAL_GPIO_WritePin (DS18B20_PORT, DS18B20_PIN, LOW);  // pull the pin LOW
 279              		.loc 1 62 4 is_stmt 1 view .LVU58
 280 004a 0C4D     		ldr	r5, .L18
 281 004c 4FF40051 		mov	r1, #8192
 282 0050 2846     		mov	r0, r5
 283 0052 FFF7FEFF 		bl	Set_Pin_Output
 284              	.LVL25:
  63:Drivers/Sensors/Src/ds18b20.c **** 			DWT_Delay(1);  // wait for 1 us
 285              		.loc 1 63 4 view .LVU59
 286 0056 0022     		movs	r2, #0
 287 0058 4FF40051 		mov	r1, #8192
 288 005c 2846     		mov	r0, r5
 289 005e FFF7FEFF 		bl	HAL_GPIO_WritePin
 290              	.LVL26:
  64:Drivers/Sensors/Src/ds18b20.c **** 
 291              		.loc 1 64 4 view .LVU60
 292 0062 0120     		movs	r0, #1
 293 0064 FFF7FEFF 		bl	DWT_Delay
 294              	.LVL27:
  66:Drivers/Sensors/Src/ds18b20.c **** 			DWT_Delay(60);  // wait for 60 us
 295              		.loc 1 66 4 view .LVU61
 296 0068 4FF40051 		mov	r1, #8192
 297 006c 2846     		mov	r0, r5
 298 006e FFF7FEFF 		bl	Set_Pin_Input
 299              	.LVL28:
  67:Drivers/Sensors/Src/ds18b20.c **** 		}
 300              		.loc 1 67 4 view .LVU62
 301 0072 3C20     		movs	r0, #60
 302 0074 FFF7FEFF 		bl	DWT_Delay
 303              	.LVL29:
 304 0078 DFE7     		b	.L14
 305              	.L17:
 306              	.LBE2:
  79:Drivers/Sensors/Src/ds18b20.c **** 		}
  80:Drivers/Sensors/Src/ds18b20.c **** 	}
  81:Drivers/Sensors/Src/ds18b20.c **** }
 307              		.loc 1 81 1 is_stmt 0 view .LVU63
 308 007a 70BD     		pop	{r4, r5, r6, pc}
 309              	.LVL30:
 310              	.L19:
 311              		.loc 1 81 1 view .LVU64
 312              		.align	2
ARM GAS  C:\msys64\tmp\cc5DyKDT.s 			page 8


 313              	.L18:
 314 007c 00100240 		.word	1073876992
 315              		.cfi_endproc
 316              	.LFE144:
 318              		.section	.text.DS18B20_Read,"ax",%progbits
 319              		.align	1
 320              		.global	DS18B20_Read
 321              		.syntax unified
 322              		.thumb
 323              		.thumb_func
 325              	DS18B20_Read:
 326              	.LFB145:
  82:Drivers/Sensors/Src/ds18b20.c **** 
  83:Drivers/Sensors/Src/ds18b20.c **** uint8_t DS18B20_Read (void)
  84:Drivers/Sensors/Src/ds18b20.c **** {
 327              		.loc 1 84 1 is_stmt 1 view -0
 328              		.cfi_startproc
 329              		@ args = 0, pretend = 0, frame = 0
 330              		@ frame_needed = 0, uses_anonymous_args = 0
 331 0000 70B5     		push	{r4, r5, r6, lr}
 332              	.LCFI8:
 333              		.cfi_def_cfa_offset 16
 334              		.cfi_offset 4, -16
 335              		.cfi_offset 5, -12
 336              		.cfi_offset 6, -8
 337              		.cfi_offset 14, -4
  85:Drivers/Sensors/Src/ds18b20.c **** 	uint8_t value=0;
 338              		.loc 1 85 2 view .LVU66
 339              	.LVL31:
  86:Drivers/Sensors/Src/ds18b20.c **** 	Set_Pin_Input(DS18B20_PORT, DS18B20_PIN);
 340              		.loc 1 86 2 view .LVU67
 341 0002 4FF40051 		mov	r1, #8192
 342 0006 1748     		ldr	r0, .L26
 343 0008 FFF7FEFF 		bl	Set_Pin_Input
 344              	.LVL32:
  87:Drivers/Sensors/Src/ds18b20.c **** 
  88:Drivers/Sensors/Src/ds18b20.c **** 	for (int i=0;i<8;i++)
 345              		.loc 1 88 2 view .LVU68
 346              	.LBB3:
 347              		.loc 1 88 7 view .LVU69
 348              		.loc 1 88 11 is_stmt 0 view .LVU70
 349 000c 0025     		movs	r5, #0
 350              	.LBE3:
  85:Drivers/Sensors/Src/ds18b20.c **** 	Set_Pin_Input(DS18B20_PORT, DS18B20_PIN);
 351              		.loc 1 85 10 view .LVU71
 352 000e 2E46     		mov	r6, r5
 353              	.LBB4:
 354              		.loc 1 88 2 view .LVU72
 355 0010 03E0     		b	.L21
 356              	.LVL33:
 357              	.L22:
  89:Drivers/Sensors/Src/ds18b20.c **** 	{
  90:Drivers/Sensors/Src/ds18b20.c **** 		Set_Pin_Output(DS18B20_PORT, DS18B20_PIN);   // set as output
  91:Drivers/Sensors/Src/ds18b20.c **** 
  92:Drivers/Sensors/Src/ds18b20.c **** 		HAL_GPIO_WritePin (DS18B20_PORT, DS18B20_PIN, LOW);  // pull the data pin LOW
  93:Drivers/Sensors/Src/ds18b20.c **** 		DWT_Delay(2);  // wait for > 1us
  94:Drivers/Sensors/Src/ds18b20.c **** 
ARM GAS  C:\msys64\tmp\cc5DyKDT.s 			page 9


  95:Drivers/Sensors/Src/ds18b20.c **** 		Set_Pin_Input(DS18B20_PORT, DS18B20_PIN);  // set as input
  96:Drivers/Sensors/Src/ds18b20.c **** 		if (HAL_GPIO_ReadPin (DS18B20_PORT, DS18B20_PIN))  // if the pin is HIGH
  97:Drivers/Sensors/Src/ds18b20.c **** 		{
  98:Drivers/Sensors/Src/ds18b20.c **** 			value |= 1<<i;  // read = 1
  99:Drivers/Sensors/Src/ds18b20.c **** 		}
 100:Drivers/Sensors/Src/ds18b20.c **** 		DWT_Delay(60);  // wait for 60 us
 358              		.loc 1 100 3 is_stmt 1 discriminator 2 view .LVU73
 359 0012 3C20     		movs	r0, #60
 360 0014 FFF7FEFF 		bl	DWT_Delay
 361              	.LVL34:
  88:Drivers/Sensors/Src/ds18b20.c **** 	{
 362              		.loc 1 88 19 discriminator 2 view .LVU74
  88:Drivers/Sensors/Src/ds18b20.c **** 	{
 363              		.loc 1 88 20 is_stmt 0 discriminator 2 view .LVU75
 364 0018 0135     		adds	r5, r5, #1
 365              	.LVL35:
 366              	.L21:
  88:Drivers/Sensors/Src/ds18b20.c **** 	{
 367              		.loc 1 88 15 is_stmt 1 discriminator 1 view .LVU76
  88:Drivers/Sensors/Src/ds18b20.c **** 	{
 368              		.loc 1 88 2 is_stmt 0 discriminator 1 view .LVU77
 369 001a 072D     		cmp	r5, #7
 370 001c 1FDC     		bgt	.L25
  90:Drivers/Sensors/Src/ds18b20.c **** 
 371              		.loc 1 90 3 is_stmt 1 view .LVU78
 372 001e 114C     		ldr	r4, .L26
 373 0020 4FF40051 		mov	r1, #8192
 374 0024 2046     		mov	r0, r4
 375 0026 FFF7FEFF 		bl	Set_Pin_Output
 376              	.LVL36:
  92:Drivers/Sensors/Src/ds18b20.c **** 		DWT_Delay(2);  // wait for > 1us
 377              		.loc 1 92 3 view .LVU79
 378 002a 0022     		movs	r2, #0
 379 002c 4FF40051 		mov	r1, #8192
 380 0030 2046     		mov	r0, r4
 381 0032 FFF7FEFF 		bl	HAL_GPIO_WritePin
 382              	.LVL37:
  93:Drivers/Sensors/Src/ds18b20.c **** 
 383              		.loc 1 93 3 view .LVU80
 384 0036 0220     		movs	r0, #2
 385 0038 FFF7FEFF 		bl	DWT_Delay
 386              	.LVL38:
  95:Drivers/Sensors/Src/ds18b20.c **** 		if (HAL_GPIO_ReadPin (DS18B20_PORT, DS18B20_PIN))  // if the pin is HIGH
 387              		.loc 1 95 3 view .LVU81
 388 003c 4FF40051 		mov	r1, #8192
 389 0040 2046     		mov	r0, r4
 390 0042 FFF7FEFF 		bl	Set_Pin_Input
 391              	.LVL39:
  96:Drivers/Sensors/Src/ds18b20.c **** 		{
 392              		.loc 1 96 3 view .LVU82
  96:Drivers/Sensors/Src/ds18b20.c **** 		{
 393              		.loc 1 96 7 is_stmt 0 view .LVU83
 394 0046 4FF40051 		mov	r1, #8192
 395 004a 2046     		mov	r0, r4
 396 004c FFF7FEFF 		bl	HAL_GPIO_ReadPin
 397              	.LVL40:
  96:Drivers/Sensors/Src/ds18b20.c **** 		{
ARM GAS  C:\msys64\tmp\cc5DyKDT.s 			page 10


 398              		.loc 1 96 6 view .LVU84
 399 0050 0028     		cmp	r0, #0
 400 0052 DED0     		beq	.L22
  98:Drivers/Sensors/Src/ds18b20.c **** 		}
 401              		.loc 1 98 4 is_stmt 1 view .LVU85
  98:Drivers/Sensors/Src/ds18b20.c **** 		}
 402              		.loc 1 98 14 is_stmt 0 view .LVU86
 403 0054 0123     		movs	r3, #1
 404 0056 AB40     		lsls	r3, r3, r5
  98:Drivers/Sensors/Src/ds18b20.c **** 		}
 405              		.loc 1 98 10 view .LVU87
 406 0058 1E43     		orrs	r6, r6, r3
 407              	.LVL41:
  98:Drivers/Sensors/Src/ds18b20.c **** 		}
 408              		.loc 1 98 10 view .LVU88
 409 005a F6B2     		uxtb	r6, r6
 410              	.LVL42:
  98:Drivers/Sensors/Src/ds18b20.c **** 		}
 411              		.loc 1 98 10 view .LVU89
 412 005c D9E7     		b	.L22
 413              	.L25:
  98:Drivers/Sensors/Src/ds18b20.c **** 		}
 414              		.loc 1 98 10 view .LVU90
 415              	.LBE4:
 101:Drivers/Sensors/Src/ds18b20.c **** 	}
 102:Drivers/Sensors/Src/ds18b20.c **** 	return value;
 416              		.loc 1 102 2 is_stmt 1 view .LVU91
 103:Drivers/Sensors/Src/ds18b20.c **** }
 417              		.loc 1 103 1 is_stmt 0 view .LVU92
 418 005e 3046     		mov	r0, r6
 419 0060 70BD     		pop	{r4, r5, r6, pc}
 420              	.LVL43:
 421              	.L27:
 422              		.loc 1 103 1 view .LVU93
 423 0062 00BF     		.align	2
 424              	.L26:
 425 0064 00100240 		.word	1073876992
 426              		.cfi_endproc
 427              	.LFE145:
 429              		.section	.text.ds18b20_output,"ax",%progbits
 430              		.align	1
 431              		.global	ds18b20_output
 432              		.syntax unified
 433              		.thumb
 434              		.thumb_func
 436              	ds18b20_output:
 437              	.LFB146:
 104:Drivers/Sensors/Src/ds18b20.c **** /********** End of DS18b20 Functions **************/
 105:Drivers/Sensors/Src/ds18b20.c **** 
 106:Drivers/Sensors/Src/ds18b20.c **** /********** DS18b20 App Code **************/
 107:Drivers/Sensors/Src/ds18b20.c **** 
 108:Drivers/Sensors/Src/ds18b20.c **** float ds18b20_output(void){
 438              		.loc 1 108 27 is_stmt 1 view -0
 439              		.cfi_startproc
 440              		@ args = 0, pretend = 0, frame = 0
 441              		@ frame_needed = 0, uses_anonymous_args = 0
 442 0000 10B5     		push	{r4, lr}
ARM GAS  C:\msys64\tmp\cc5DyKDT.s 			page 11


 443              	.LCFI9:
 444              		.cfi_def_cfa_offset 8
 445              		.cfi_offset 4, -8
 446              		.cfi_offset 14, -4
 109:Drivers/Sensors/Src/ds18b20.c **** Presence = DS18B20_Start ();
 447              		.loc 1 109 1 view .LVU95
 448              		.loc 1 109 12 is_stmt 0 view .LVU96
 449 0002 FFF7FEFF 		bl	DS18B20_Start
 450              	.LVL44:
 451              		.loc 1 109 10 view .LVU97
 452 0006 184C     		ldr	r4, .L30
 453 0008 2070     		strb	r0, [r4]
 110:Drivers/Sensors/Src/ds18b20.c **** HAL_Delay (1);
 454              		.loc 1 110 1 is_stmt 1 view .LVU98
 455 000a 0120     		movs	r0, #1
 456 000c FFF7FEFF 		bl	HAL_Delay
 457              	.LVL45:
 111:Drivers/Sensors/Src/ds18b20.c **** DS18B20_Write (0xCC);  // skip ROM
 458              		.loc 1 111 1 view .LVU99
 459 0010 CC20     		movs	r0, #204
 460 0012 FFF7FEFF 		bl	DS18B20_Write
 461              	.LVL46:
 112:Drivers/Sensors/Src/ds18b20.c **** DS18B20_Write (0x44);  // convert t
 462              		.loc 1 112 1 view .LVU100
 463 0016 4420     		movs	r0, #68
 464 0018 FFF7FEFF 		bl	DS18B20_Write
 465              	.LVL47:
 113:Drivers/Sensors/Src/ds18b20.c **** HAL_Delay(800);
 466              		.loc 1 113 1 view .LVU101
 467 001c 4FF44870 		mov	r0, #800
 468 0020 FFF7FEFF 		bl	HAL_Delay
 469              	.LVL48:
 114:Drivers/Sensors/Src/ds18b20.c **** 
 115:Drivers/Sensors/Src/ds18b20.c **** Presence = DS18B20_Start ();
 470              		.loc 1 115 1 view .LVU102
 471              		.loc 1 115 12 is_stmt 0 view .LVU103
 472 0024 FFF7FEFF 		bl	DS18B20_Start
 473              	.LVL49:
 474              		.loc 1 115 10 view .LVU104
 475 0028 2070     		strb	r0, [r4]
 116:Drivers/Sensors/Src/ds18b20.c **** DS18B20_Write (0xCC);  // skip ROM
 476              		.loc 1 116 1 is_stmt 1 view .LVU105
 477 002a CC20     		movs	r0, #204
 478 002c FFF7FEFF 		bl	DS18B20_Write
 479              	.LVL50:
 117:Drivers/Sensors/Src/ds18b20.c **** DS18B20_Write (0xBE);  // Read Scratch-pad
 480              		.loc 1 117 1 view .LVU106
 481 0030 BE20     		movs	r0, #190
 482 0032 FFF7FEFF 		bl	DS18B20_Write
 483              	.LVL51:
 118:Drivers/Sensors/Src/ds18b20.c **** 
 119:Drivers/Sensors/Src/ds18b20.c **** Temp_byte1 = DS18B20_Read();
 484              		.loc 1 119 1 view .LVU107
 485              		.loc 1 119 14 is_stmt 0 view .LVU108
 486 0036 FFF7FEFF 		bl	DS18B20_Read
 487              	.LVL52:
 488              		.loc 1 119 12 view .LVU109
ARM GAS  C:\msys64\tmp\cc5DyKDT.s 			page 12


 489 003a 0C4C     		ldr	r4, .L30+4
 490 003c 2070     		strb	r0, [r4]
 120:Drivers/Sensors/Src/ds18b20.c **** Temp_byte2 = DS18B20_Read();
 491              		.loc 1 120 1 is_stmt 1 view .LVU110
 492              		.loc 1 120 14 is_stmt 0 view .LVU111
 493 003e FFF7FEFF 		bl	DS18B20_Read
 494              	.LVL53:
 495              		.loc 1 120 12 view .LVU112
 496 0042 0B4B     		ldr	r3, .L30+8
 497 0044 1870     		strb	r0, [r3]
 121:Drivers/Sensors/Src/ds18b20.c **** TEMP = (Temp_byte2<<8)|Temp_byte1;
 498              		.loc 1 121 1 is_stmt 1 view .LVU113
 499              		.loc 1 121 23 is_stmt 0 view .LVU114
 500 0046 2378     		ldrb	r3, [r4]	@ zero_extendqisi2
 501 0048 43EA0020 		orr	r0, r3, r0, lsl #8
 502              		.loc 1 121 6 view .LVU115
 503 004c 094B     		ldr	r3, .L30+12
 504 004e 1880     		strh	r0, [r3]	@ movhi
 122:Drivers/Sensors/Src/ds18b20.c **** Temperature = (float)TEMP/2;
 505              		.loc 1 122 1 is_stmt 1 view .LVU116
 506              		.loc 1 122 15 is_stmt 0 view .LVU117
 507 0050 07EE900A 		vmov	s15, r0	@ int
 508 0054 B8EE670A 		vcvt.f32.u32	s0, s15
 509              		.loc 1 122 26 view .LVU118
 510 0058 F6EE007A 		vmov.f32	s15, #5.0e-1
 511 005c 20EE270A 		vmul.f32	s0, s0, s15
 512              		.loc 1 122 13 view .LVU119
 513 0060 054B     		ldr	r3, .L30+16
 514 0062 83ED000A 		vstr.32	s0, [r3]
 123:Drivers/Sensors/Src/ds18b20.c **** return(Temperature);
 515              		.loc 1 123 1 is_stmt 1 view .LVU120
 124:Drivers/Sensors/Src/ds18b20.c **** }
 516              		.loc 1 124 1 is_stmt 0 view .LVU121
 517 0066 10BD     		pop	{r4, pc}
 518              	.L31:
 519              		.align	2
 520              	.L30:
 521 0068 00000000 		.word	.LANCHOR0
 522 006c 00000000 		.word	.LANCHOR1
 523 0070 00000000 		.word	.LANCHOR2
 524 0074 00000000 		.word	.LANCHOR3
 525 0078 00000000 		.word	.LANCHOR4
 526              		.cfi_endproc
 527              	.LFE146:
 529              		.global	TEMP
 530              		.global	Temperature_2
 531              		.global	Temperature
 532              		.global	Temp_byte2
 533              		.global	Temp_byte1
 534              		.global	Presence
 535              		.section	.bss.Presence,"aw",%nobits
 536              		.set	.LANCHOR0,. + 0
 539              	Presence:
 540 0000 00       		.space	1
 541              		.section	.bss.TEMP,"aw",%nobits
 542              		.align	1
 543              		.set	.LANCHOR3,. + 0
ARM GAS  C:\msys64\tmp\cc5DyKDT.s 			page 13


 546              	TEMP:
 547 0000 0000     		.space	2
 548              		.section	.bss.Temp_byte1,"aw",%nobits
 549              		.set	.LANCHOR1,. + 0
 552              	Temp_byte1:
 553 0000 00       		.space	1
 554              		.section	.bss.Temp_byte2,"aw",%nobits
 555              		.set	.LANCHOR2,. + 0
 558              	Temp_byte2:
 559 0000 00       		.space	1
 560              		.section	.bss.Temperature,"aw",%nobits
 561              		.align	2
 562              		.set	.LANCHOR4,. + 0
 565              	Temperature:
 566 0000 00000000 		.space	4
 567              		.section	.bss.Temperature_2,"aw",%nobits
 568              		.align	2
 571              	Temperature_2:
 572 0000 00000000 		.space	4
 573              		.text
 574              	.Letext0:
 575              		.file 2 "c:\\gnu arm embedded toolchain\\10 2021.10\\arm-none-eabi\\include\\machine\\_default_typ
 576              		.file 3 "c:\\gnu arm embedded toolchain\\10 2021.10\\arm-none-eabi\\include\\sys\\_stdint.h"
 577              		.file 4 "Drivers/CMSIS/Device/ST/STM32F7xx/Include/stm32f746xx.h"
 578              		.file 5 "Drivers/STM32F7xx_HAL_Driver/Inc/stm32f7xx_hal_gpio.h"
 579              		.file 6 "Drivers/STM32F7xx_HAL_Driver/Inc/stm32f7xx_hal.h"
 580              		.file 7 "Drivers/STM32F7xx_HAL_Driver/Inc/dwt_delay.h"
ARM GAS  C:\msys64\tmp\cc5DyKDT.s 			page 14


DEFINED SYMBOLS
                            *ABS*:00000000 ds18b20.c
C:\msys64\tmp\cc5DyKDT.s:20     .text.Set_Pin_Output:00000000 $t
C:\msys64\tmp\cc5DyKDT.s:26     .text.Set_Pin_Output:00000000 Set_Pin_Output
C:\msys64\tmp\cc5DyKDT.s:74     .text.Set_Pin_Input:00000000 $t
C:\msys64\tmp\cc5DyKDT.s:80     .text.Set_Pin_Input:00000000 Set_Pin_Input
C:\msys64\tmp\cc5DyKDT.s:127    .text.DS18B20_Start:00000000 $t
C:\msys64\tmp\cc5DyKDT.s:133    .text.DS18B20_Start:00000000 DS18B20_Start
C:\msys64\tmp\cc5DyKDT.s:199    .text.DS18B20_Start:00000050 $d
C:\msys64\tmp\cc5DyKDT.s:204    .text.DS18B20_Write:00000000 $t
C:\msys64\tmp\cc5DyKDT.s:210    .text.DS18B20_Write:00000000 DS18B20_Write
C:\msys64\tmp\cc5DyKDT.s:314    .text.DS18B20_Write:0000007c $d
C:\msys64\tmp\cc5DyKDT.s:319    .text.DS18B20_Read:00000000 $t
C:\msys64\tmp\cc5DyKDT.s:325    .text.DS18B20_Read:00000000 DS18B20_Read
C:\msys64\tmp\cc5DyKDT.s:425    .text.DS18B20_Read:00000064 $d
C:\msys64\tmp\cc5DyKDT.s:430    .text.ds18b20_output:00000000 $t
C:\msys64\tmp\cc5DyKDT.s:436    .text.ds18b20_output:00000000 ds18b20_output
C:\msys64\tmp\cc5DyKDT.s:521    .text.ds18b20_output:00000068 $d
C:\msys64\tmp\cc5DyKDT.s:546    .bss.TEMP:00000000 TEMP
C:\msys64\tmp\cc5DyKDT.s:571    .bss.Temperature_2:00000000 Temperature_2
C:\msys64\tmp\cc5DyKDT.s:565    .bss.Temperature:00000000 Temperature
C:\msys64\tmp\cc5DyKDT.s:558    .bss.Temp_byte2:00000000 Temp_byte2
C:\msys64\tmp\cc5DyKDT.s:552    .bss.Temp_byte1:00000000 Temp_byte1
C:\msys64\tmp\cc5DyKDT.s:539    .bss.Presence:00000000 Presence
C:\msys64\tmp\cc5DyKDT.s:540    .bss.Presence:00000000 $d
C:\msys64\tmp\cc5DyKDT.s:542    .bss.TEMP:00000000 $d
C:\msys64\tmp\cc5DyKDT.s:553    .bss.Temp_byte1:00000000 $d
C:\msys64\tmp\cc5DyKDT.s:559    .bss.Temp_byte2:00000000 $d
C:\msys64\tmp\cc5DyKDT.s:561    .bss.Temperature:00000000 $d
C:\msys64\tmp\cc5DyKDT.s:568    .bss.Temperature_2:00000000 $d

UNDEFINED SYMBOLS
HAL_GPIO_Init
HAL_GPIO_WritePin
DWT_Delay
HAL_GPIO_ReadPin
HAL_Delay
