ARM GAS  C:\msys64\tmp\ccXgvA7K.s 			page 1


   1              		.cpu cortex-m7
   2              		.arch armv7e-m
   3              		.fpu fpv5-sp-d16
   4              		.eabi_attribute 27, 1
   5              		.eabi_attribute 28, 1
   6              		.eabi_attribute 20, 1
   7              		.eabi_attribute 21, 1
   8              		.eabi_attribute 23, 3
   9              		.eabi_attribute 24, 1
  10              		.eabi_attribute 25, 1
  11              		.eabi_attribute 26, 1
  12              		.eabi_attribute 30, 1
  13              		.eabi_attribute 34, 1
  14              		.eabi_attribute 18, 4
  15              		.file	"stm32f7xx_hal_pcd_ex.c"
  16              		.text
  17              	.Ltext0:
  18              		.cfi_sections	.debug_frame
  19              		.section	.text.HAL_PCDEx_SetTxFiFo,"ax",%progbits
  20              		.align	1
  21              		.global	HAL_PCDEx_SetTxFiFo
  22              		.syntax unified
  23              		.thumb
  24              		.thumb_func
  26              	HAL_PCDEx_SetTxFiFo:
  27              	.LVL0:
  28              	.LFB141:
  29              		.file 1 "Drivers/STM32F7xx_HAL_Driver/Src/stm32f7xx_hal_pcd_ex.c"
   1:Drivers/STM32F7xx_HAL_Driver/Src/stm32f7xx_hal_pcd_ex.c **** /**
   2:Drivers/STM32F7xx_HAL_Driver/Src/stm32f7xx_hal_pcd_ex.c ****   ******************************************************************************
   3:Drivers/STM32F7xx_HAL_Driver/Src/stm32f7xx_hal_pcd_ex.c ****   * @file    stm32f7xx_hal_pcd_ex.c
   4:Drivers/STM32F7xx_HAL_Driver/Src/stm32f7xx_hal_pcd_ex.c ****   * @author  MCD Application Team
   5:Drivers/STM32F7xx_HAL_Driver/Src/stm32f7xx_hal_pcd_ex.c ****   * @brief   PCD Extended HAL module driver.
   6:Drivers/STM32F7xx_HAL_Driver/Src/stm32f7xx_hal_pcd_ex.c ****   *          This file provides firmware functions to manage the following
   7:Drivers/STM32F7xx_HAL_Driver/Src/stm32f7xx_hal_pcd_ex.c ****   *          functionalities of the USB Peripheral Controller:
   8:Drivers/STM32F7xx_HAL_Driver/Src/stm32f7xx_hal_pcd_ex.c ****   *           + Extended features functions
   9:Drivers/STM32F7xx_HAL_Driver/Src/stm32f7xx_hal_pcd_ex.c ****   *
  10:Drivers/STM32F7xx_HAL_Driver/Src/stm32f7xx_hal_pcd_ex.c ****   ******************************************************************************
  11:Drivers/STM32F7xx_HAL_Driver/Src/stm32f7xx_hal_pcd_ex.c ****   * @attention
  12:Drivers/STM32F7xx_HAL_Driver/Src/stm32f7xx_hal_pcd_ex.c ****   *
  13:Drivers/STM32F7xx_HAL_Driver/Src/stm32f7xx_hal_pcd_ex.c ****   * <h2><center>&copy; Copyright (c) 2017 STMicroelectronics.
  14:Drivers/STM32F7xx_HAL_Driver/Src/stm32f7xx_hal_pcd_ex.c ****   * All rights reserved.</center></h2>
  15:Drivers/STM32F7xx_HAL_Driver/Src/stm32f7xx_hal_pcd_ex.c ****   *
  16:Drivers/STM32F7xx_HAL_Driver/Src/stm32f7xx_hal_pcd_ex.c ****   * This software component is licensed by ST under BSD 3-Clause license,
  17:Drivers/STM32F7xx_HAL_Driver/Src/stm32f7xx_hal_pcd_ex.c ****   * the "License"; You may not use this file except in compliance with the
  18:Drivers/STM32F7xx_HAL_Driver/Src/stm32f7xx_hal_pcd_ex.c ****   * License. You may obtain a copy of the License at:
  19:Drivers/STM32F7xx_HAL_Driver/Src/stm32f7xx_hal_pcd_ex.c ****   *                        opensource.org/licenses/BSD-3-Clause
  20:Drivers/STM32F7xx_HAL_Driver/Src/stm32f7xx_hal_pcd_ex.c ****   *
  21:Drivers/STM32F7xx_HAL_Driver/Src/stm32f7xx_hal_pcd_ex.c ****   ******************************************************************************
  22:Drivers/STM32F7xx_HAL_Driver/Src/stm32f7xx_hal_pcd_ex.c ****   */
  23:Drivers/STM32F7xx_HAL_Driver/Src/stm32f7xx_hal_pcd_ex.c **** 
  24:Drivers/STM32F7xx_HAL_Driver/Src/stm32f7xx_hal_pcd_ex.c **** /* Includes ------------------------------------------------------------------*/
  25:Drivers/STM32F7xx_HAL_Driver/Src/stm32f7xx_hal_pcd_ex.c **** #include "stm32f7xx_hal.h"
  26:Drivers/STM32F7xx_HAL_Driver/Src/stm32f7xx_hal_pcd_ex.c **** 
  27:Drivers/STM32F7xx_HAL_Driver/Src/stm32f7xx_hal_pcd_ex.c **** /** @addtogroup STM32F7xx_HAL_Driver
  28:Drivers/STM32F7xx_HAL_Driver/Src/stm32f7xx_hal_pcd_ex.c ****   * @{
  29:Drivers/STM32F7xx_HAL_Driver/Src/stm32f7xx_hal_pcd_ex.c ****   */
ARM GAS  C:\msys64\tmp\ccXgvA7K.s 			page 2


  30:Drivers/STM32F7xx_HAL_Driver/Src/stm32f7xx_hal_pcd_ex.c **** 
  31:Drivers/STM32F7xx_HAL_Driver/Src/stm32f7xx_hal_pcd_ex.c **** /** @defgroup PCDEx PCDEx
  32:Drivers/STM32F7xx_HAL_Driver/Src/stm32f7xx_hal_pcd_ex.c ****   * @brief PCD Extended HAL module driver
  33:Drivers/STM32F7xx_HAL_Driver/Src/stm32f7xx_hal_pcd_ex.c ****   * @{
  34:Drivers/STM32F7xx_HAL_Driver/Src/stm32f7xx_hal_pcd_ex.c ****   */
  35:Drivers/STM32F7xx_HAL_Driver/Src/stm32f7xx_hal_pcd_ex.c **** 
  36:Drivers/STM32F7xx_HAL_Driver/Src/stm32f7xx_hal_pcd_ex.c **** #ifdef HAL_PCD_MODULE_ENABLED
  37:Drivers/STM32F7xx_HAL_Driver/Src/stm32f7xx_hal_pcd_ex.c **** 
  38:Drivers/STM32F7xx_HAL_Driver/Src/stm32f7xx_hal_pcd_ex.c **** #if defined (USB_OTG_FS) || defined (USB_OTG_HS)
  39:Drivers/STM32F7xx_HAL_Driver/Src/stm32f7xx_hal_pcd_ex.c **** /* Private types -------------------------------------------------------------*/
  40:Drivers/STM32F7xx_HAL_Driver/Src/stm32f7xx_hal_pcd_ex.c **** /* Private variables ---------------------------------------------------------*/
  41:Drivers/STM32F7xx_HAL_Driver/Src/stm32f7xx_hal_pcd_ex.c **** /* Private constants ---------------------------------------------------------*/
  42:Drivers/STM32F7xx_HAL_Driver/Src/stm32f7xx_hal_pcd_ex.c **** /* Private macros ------------------------------------------------------------*/
  43:Drivers/STM32F7xx_HAL_Driver/Src/stm32f7xx_hal_pcd_ex.c **** /* Private functions ---------------------------------------------------------*/
  44:Drivers/STM32F7xx_HAL_Driver/Src/stm32f7xx_hal_pcd_ex.c **** /* Exported functions --------------------------------------------------------*/
  45:Drivers/STM32F7xx_HAL_Driver/Src/stm32f7xx_hal_pcd_ex.c **** 
  46:Drivers/STM32F7xx_HAL_Driver/Src/stm32f7xx_hal_pcd_ex.c **** /** @defgroup PCDEx_Exported_Functions PCDEx Exported Functions
  47:Drivers/STM32F7xx_HAL_Driver/Src/stm32f7xx_hal_pcd_ex.c ****   * @{
  48:Drivers/STM32F7xx_HAL_Driver/Src/stm32f7xx_hal_pcd_ex.c ****   */
  49:Drivers/STM32F7xx_HAL_Driver/Src/stm32f7xx_hal_pcd_ex.c **** 
  50:Drivers/STM32F7xx_HAL_Driver/Src/stm32f7xx_hal_pcd_ex.c **** /** @defgroup PCDEx_Exported_Functions_Group1 Peripheral Control functions
  51:Drivers/STM32F7xx_HAL_Driver/Src/stm32f7xx_hal_pcd_ex.c ****   * @brief    PCDEx control functions
  52:Drivers/STM32F7xx_HAL_Driver/Src/stm32f7xx_hal_pcd_ex.c ****   *
  53:Drivers/STM32F7xx_HAL_Driver/Src/stm32f7xx_hal_pcd_ex.c **** @verbatim
  54:Drivers/STM32F7xx_HAL_Driver/Src/stm32f7xx_hal_pcd_ex.c ****  ===============================================================================
  55:Drivers/STM32F7xx_HAL_Driver/Src/stm32f7xx_hal_pcd_ex.c ****                  ##### Extended features functions #####
  56:Drivers/STM32F7xx_HAL_Driver/Src/stm32f7xx_hal_pcd_ex.c ****  ===============================================================================
  57:Drivers/STM32F7xx_HAL_Driver/Src/stm32f7xx_hal_pcd_ex.c ****     [..]  This section provides functions allowing to:
  58:Drivers/STM32F7xx_HAL_Driver/Src/stm32f7xx_hal_pcd_ex.c ****       (+) Update FIFO configuration
  59:Drivers/STM32F7xx_HAL_Driver/Src/stm32f7xx_hal_pcd_ex.c **** 
  60:Drivers/STM32F7xx_HAL_Driver/Src/stm32f7xx_hal_pcd_ex.c **** @endverbatim
  61:Drivers/STM32F7xx_HAL_Driver/Src/stm32f7xx_hal_pcd_ex.c ****   * @{
  62:Drivers/STM32F7xx_HAL_Driver/Src/stm32f7xx_hal_pcd_ex.c ****   */
  63:Drivers/STM32F7xx_HAL_Driver/Src/stm32f7xx_hal_pcd_ex.c **** #if defined (USB_OTG_FS) || defined (USB_OTG_HS)
  64:Drivers/STM32F7xx_HAL_Driver/Src/stm32f7xx_hal_pcd_ex.c **** /**
  65:Drivers/STM32F7xx_HAL_Driver/Src/stm32f7xx_hal_pcd_ex.c ****   * @brief  Set Tx FIFO
  66:Drivers/STM32F7xx_HAL_Driver/Src/stm32f7xx_hal_pcd_ex.c ****   * @param  hpcd PCD handle
  67:Drivers/STM32F7xx_HAL_Driver/Src/stm32f7xx_hal_pcd_ex.c ****   * @param  fifo The number of Tx fifo
  68:Drivers/STM32F7xx_HAL_Driver/Src/stm32f7xx_hal_pcd_ex.c ****   * @param  size Fifo size
  69:Drivers/STM32F7xx_HAL_Driver/Src/stm32f7xx_hal_pcd_ex.c ****   * @retval HAL status
  70:Drivers/STM32F7xx_HAL_Driver/Src/stm32f7xx_hal_pcd_ex.c ****   */
  71:Drivers/STM32F7xx_HAL_Driver/Src/stm32f7xx_hal_pcd_ex.c **** HAL_StatusTypeDef HAL_PCDEx_SetTxFiFo(PCD_HandleTypeDef *hpcd, uint8_t fifo, uint16_t size)
  72:Drivers/STM32F7xx_HAL_Driver/Src/stm32f7xx_hal_pcd_ex.c **** {
  30              		.loc 1 72 1 view -0
  31              		.cfi_startproc
  32              		@ args = 0, pretend = 0, frame = 0
  33              		@ frame_needed = 0, uses_anonymous_args = 0
  34              		@ link register save eliminated.
  35              		.loc 1 72 1 is_stmt 0 view .LVU1
  36 0000 10B4     		push	{r4}
  37              	.LCFI0:
  38              		.cfi_def_cfa_offset 4
  39              		.cfi_offset 4, -4
  73:Drivers/STM32F7xx_HAL_Driver/Src/stm32f7xx_hal_pcd_ex.c ****   uint8_t i;
  40              		.loc 1 73 3 is_stmt 1 view .LVU2
  74:Drivers/STM32F7xx_HAL_Driver/Src/stm32f7xx_hal_pcd_ex.c ****   uint32_t Tx_Offset;
  41              		.loc 1 74 3 view .LVU3
ARM GAS  C:\msys64\tmp\ccXgvA7K.s 			page 3


  75:Drivers/STM32F7xx_HAL_Driver/Src/stm32f7xx_hal_pcd_ex.c **** 
  76:Drivers/STM32F7xx_HAL_Driver/Src/stm32f7xx_hal_pcd_ex.c ****   /*  TXn min size = 16 words. (n  : Transmit FIFO index)
  77:Drivers/STM32F7xx_HAL_Driver/Src/stm32f7xx_hal_pcd_ex.c ****       When a TxFIFO is not used, the Configuration should be as follows:
  78:Drivers/STM32F7xx_HAL_Driver/Src/stm32f7xx_hal_pcd_ex.c ****           case 1 :  n > m    and Txn is not used    (n,m  : Transmit FIFO indexes)
  79:Drivers/STM32F7xx_HAL_Driver/Src/stm32f7xx_hal_pcd_ex.c ****          --> Txm can use the space allocated for Txn.
  80:Drivers/STM32F7xx_HAL_Driver/Src/stm32f7xx_hal_pcd_ex.c ****          case2  :  n < m    and Txn is not used    (n,m  : Transmit FIFO indexes)
  81:Drivers/STM32F7xx_HAL_Driver/Src/stm32f7xx_hal_pcd_ex.c ****          --> Txn should be configured with the minimum space of 16 words
  82:Drivers/STM32F7xx_HAL_Driver/Src/stm32f7xx_hal_pcd_ex.c ****      The FIFO is used optimally when used TxFIFOs are allocated in the top
  83:Drivers/STM32F7xx_HAL_Driver/Src/stm32f7xx_hal_pcd_ex.c ****          of the FIFO.Ex: use EP1 and EP2 as IN instead of EP1 and EP3 as IN ones.
  84:Drivers/STM32F7xx_HAL_Driver/Src/stm32f7xx_hal_pcd_ex.c ****      When DMA is used 3n * FIFO locations should be reserved for internal DMA registers */
  85:Drivers/STM32F7xx_HAL_Driver/Src/stm32f7xx_hal_pcd_ex.c **** 
  86:Drivers/STM32F7xx_HAL_Driver/Src/stm32f7xx_hal_pcd_ex.c ****   Tx_Offset = hpcd->Instance->GRXFSIZ;
  42              		.loc 1 86 3 view .LVU4
  43              		.loc 1 86 19 is_stmt 0 view .LVU5
  44 0002 0468     		ldr	r4, [r0]
  45              		.loc 1 86 13 view .LVU6
  46 0004 606A     		ldr	r0, [r4, #36]
  47              	.LVL1:
  87:Drivers/STM32F7xx_HAL_Driver/Src/stm32f7xx_hal_pcd_ex.c **** 
  88:Drivers/STM32F7xx_HAL_Driver/Src/stm32f7xx_hal_pcd_ex.c ****   if (fifo == 0U)
  48              		.loc 1 88 3 is_stmt 1 view .LVU7
  49              		.loc 1 88 6 is_stmt 0 view .LVU8
  50 0006 31B9     		cbnz	r1, .L2
  89:Drivers/STM32F7xx_HAL_Driver/Src/stm32f7xx_hal_pcd_ex.c ****   {
  90:Drivers/STM32F7xx_HAL_Driver/Src/stm32f7xx_hal_pcd_ex.c ****     hpcd->Instance->DIEPTXF0_HNPTXFSIZ = ((uint32_t)size << 16) | Tx_Offset;
  51              		.loc 1 90 5 is_stmt 1 view .LVU9
  52              		.loc 1 90 65 is_stmt 0 view .LVU10
  53 0008 40EA0240 		orr	r0, r0, r2, lsl #16
  54              	.LVL2:
  55              		.loc 1 90 40 view .LVU11
  56 000c A062     		str	r0, [r4, #40]
  57              	.LVL3:
  58              	.L3:
  91:Drivers/STM32F7xx_HAL_Driver/Src/stm32f7xx_hal_pcd_ex.c ****   }
  92:Drivers/STM32F7xx_HAL_Driver/Src/stm32f7xx_hal_pcd_ex.c ****   else
  93:Drivers/STM32F7xx_HAL_Driver/Src/stm32f7xx_hal_pcd_ex.c ****   {
  94:Drivers/STM32F7xx_HAL_Driver/Src/stm32f7xx_hal_pcd_ex.c ****     Tx_Offset += (hpcd->Instance->DIEPTXF0_HNPTXFSIZ) >> 16;
  95:Drivers/STM32F7xx_HAL_Driver/Src/stm32f7xx_hal_pcd_ex.c ****     for (i = 0U; i < (fifo - 1U); i++)
  96:Drivers/STM32F7xx_HAL_Driver/Src/stm32f7xx_hal_pcd_ex.c ****     {
  97:Drivers/STM32F7xx_HAL_Driver/Src/stm32f7xx_hal_pcd_ex.c ****       Tx_Offset += (hpcd->Instance->DIEPTXF[i] >> 16);
  98:Drivers/STM32F7xx_HAL_Driver/Src/stm32f7xx_hal_pcd_ex.c ****     }
  99:Drivers/STM32F7xx_HAL_Driver/Src/stm32f7xx_hal_pcd_ex.c **** 
 100:Drivers/STM32F7xx_HAL_Driver/Src/stm32f7xx_hal_pcd_ex.c ****     /* Multiply Tx_Size by 2 to get higher performance */
 101:Drivers/STM32F7xx_HAL_Driver/Src/stm32f7xx_hal_pcd_ex.c ****     hpcd->Instance->DIEPTXF[fifo - 1U] = ((uint32_t)size << 16) | Tx_Offset;
 102:Drivers/STM32F7xx_HAL_Driver/Src/stm32f7xx_hal_pcd_ex.c ****   }
 103:Drivers/STM32F7xx_HAL_Driver/Src/stm32f7xx_hal_pcd_ex.c **** 
 104:Drivers/STM32F7xx_HAL_Driver/Src/stm32f7xx_hal_pcd_ex.c ****   return HAL_OK;
  59              		.loc 1 104 3 is_stmt 1 view .LVU12
 105:Drivers/STM32F7xx_HAL_Driver/Src/stm32f7xx_hal_pcd_ex.c **** }
  60              		.loc 1 105 1 is_stmt 0 view .LVU13
  61 000e 0020     		movs	r0, #0
  62 0010 5DF8044B 		ldr	r4, [sp], #4
  63              	.LCFI1:
  64              		.cfi_remember_state
  65              		.cfi_restore 4
  66              		.cfi_def_cfa_offset 0
  67 0014 7047     		bx	lr
ARM GAS  C:\msys64\tmp\ccXgvA7K.s 			page 4


  68              	.LVL4:
  69              	.L2:
  70              	.LCFI2:
  71              		.cfi_restore_state
  72              		.loc 1 105 1 view .LVU14
  73 0016 8C46     		mov	ip, r1
  94:Drivers/STM32F7xx_HAL_Driver/Src/stm32f7xx_hal_pcd_ex.c ****     for (i = 0U; i < (fifo - 1U); i++)
  74              		.loc 1 94 5 is_stmt 1 view .LVU15
  94:Drivers/STM32F7xx_HAL_Driver/Src/stm32f7xx_hal_pcd_ex.c ****     for (i = 0U; i < (fifo - 1U); i++)
  75              		.loc 1 94 33 is_stmt 0 view .LVU16
  76 0018 A36A     		ldr	r3, [r4, #40]
  94:Drivers/STM32F7xx_HAL_Driver/Src/stm32f7xx_hal_pcd_ex.c ****     for (i = 0U; i < (fifo - 1U); i++)
  77              		.loc 1 94 15 view .LVU17
  78 001a 00EB1340 		add	r0, r0, r3, lsr #16
  79              	.LVL5:
  95:Drivers/STM32F7xx_HAL_Driver/Src/stm32f7xx_hal_pcd_ex.c ****     {
  80              		.loc 1 95 5 is_stmt 1 view .LVU18
  95:Drivers/STM32F7xx_HAL_Driver/Src/stm32f7xx_hal_pcd_ex.c ****     {
  81              		.loc 1 95 12 is_stmt 0 view .LVU19
  82 001e 0023     		movs	r3, #0
  95:Drivers/STM32F7xx_HAL_Driver/Src/stm32f7xx_hal_pcd_ex.c ****     {
  83              		.loc 1 95 5 view .LVU20
  84 0020 08E0     		b	.L4
  85              	.LVL6:
  86              	.L5:
  97:Drivers/STM32F7xx_HAL_Driver/Src/stm32f7xx_hal_pcd_ex.c ****     }
  87              		.loc 1 97 7 is_stmt 1 discriminator 3 view .LVU21
  97:Drivers/STM32F7xx_HAL_Driver/Src/stm32f7xx_hal_pcd_ex.c ****     }
  88              		.loc 1 97 44 is_stmt 0 discriminator 3 view .LVU22
  89 0022 03F14001 		add	r1, r3, #64
  90 0026 04EB8101 		add	r1, r4, r1, lsl #2
  91 002a 4968     		ldr	r1, [r1, #4]
  97:Drivers/STM32F7xx_HAL_Driver/Src/stm32f7xx_hal_pcd_ex.c ****     }
  92              		.loc 1 97 17 discriminator 3 view .LVU23
  93 002c 00EB1140 		add	r0, r0, r1, lsr #16
  94              	.LVL7:
  95:Drivers/STM32F7xx_HAL_Driver/Src/stm32f7xx_hal_pcd_ex.c ****     {
  95              		.loc 1 95 35 is_stmt 1 discriminator 3 view .LVU24
  95:Drivers/STM32F7xx_HAL_Driver/Src/stm32f7xx_hal_pcd_ex.c ****     {
  96              		.loc 1 95 36 is_stmt 0 discriminator 3 view .LVU25
  97 0030 0133     		adds	r3, r3, #1
  98              	.LVL8:
  95:Drivers/STM32F7xx_HAL_Driver/Src/stm32f7xx_hal_pcd_ex.c ****     {
  99              		.loc 1 95 36 discriminator 3 view .LVU26
 100 0032 DBB2     		uxtb	r3, r3
 101              	.LVL9:
 102              	.L4:
  95:Drivers/STM32F7xx_HAL_Driver/Src/stm32f7xx_hal_pcd_ex.c ****     {
 103              		.loc 1 95 18 is_stmt 1 discriminator 1 view .LVU27
  95:Drivers/STM32F7xx_HAL_Driver/Src/stm32f7xx_hal_pcd_ex.c ****     {
 104              		.loc 1 95 28 is_stmt 0 discriminator 1 view .LVU28
 105 0034 0CF1FF31 		add	r1, ip, #-1
  95:Drivers/STM32F7xx_HAL_Driver/Src/stm32f7xx_hal_pcd_ex.c ****     {
 106              		.loc 1 95 5 discriminator 1 view .LVU29
 107 0038 8B42     		cmp	r3, r1
 108 003a F2D3     		bcc	.L5
 101:Drivers/STM32F7xx_HAL_Driver/Src/stm32f7xx_hal_pcd_ex.c ****   }
ARM GAS  C:\msys64\tmp\ccXgvA7K.s 			page 5


 109              		.loc 1 101 5 is_stmt 1 view .LVU30
 101:Drivers/STM32F7xx_HAL_Driver/Src/stm32f7xx_hal_pcd_ex.c ****   }
 110              		.loc 1 101 65 is_stmt 0 view .LVU31
 111 003c 40EA0240 		orr	r0, r0, r2, lsl #16
 112              	.LVL10:
 101:Drivers/STM32F7xx_HAL_Driver/Src/stm32f7xx_hal_pcd_ex.c ****   }
 113              		.loc 1 101 40 view .LVU32
 114 0040 0CF13F01 		add	r1, ip, #63
 115 0044 04EB8101 		add	r1, r4, r1, lsl #2
 116 0048 4860     		str	r0, [r1, #4]
 117 004a E0E7     		b	.L3
 118              		.cfi_endproc
 119              	.LFE141:
 121              		.section	.text.HAL_PCDEx_SetRxFiFo,"ax",%progbits
 122              		.align	1
 123              		.global	HAL_PCDEx_SetRxFiFo
 124              		.syntax unified
 125              		.thumb
 126              		.thumb_func
 128              	HAL_PCDEx_SetRxFiFo:
 129              	.LVL11:
 130              	.LFB142:
 106:Drivers/STM32F7xx_HAL_Driver/Src/stm32f7xx_hal_pcd_ex.c **** 
 107:Drivers/STM32F7xx_HAL_Driver/Src/stm32f7xx_hal_pcd_ex.c **** /**
 108:Drivers/STM32F7xx_HAL_Driver/Src/stm32f7xx_hal_pcd_ex.c ****   * @brief  Set Rx FIFO
 109:Drivers/STM32F7xx_HAL_Driver/Src/stm32f7xx_hal_pcd_ex.c ****   * @param  hpcd PCD handle
 110:Drivers/STM32F7xx_HAL_Driver/Src/stm32f7xx_hal_pcd_ex.c ****   * @param  size Size of Rx fifo
 111:Drivers/STM32F7xx_HAL_Driver/Src/stm32f7xx_hal_pcd_ex.c ****   * @retval HAL status
 112:Drivers/STM32F7xx_HAL_Driver/Src/stm32f7xx_hal_pcd_ex.c ****   */
 113:Drivers/STM32F7xx_HAL_Driver/Src/stm32f7xx_hal_pcd_ex.c **** HAL_StatusTypeDef HAL_PCDEx_SetRxFiFo(PCD_HandleTypeDef *hpcd, uint16_t size)
 114:Drivers/STM32F7xx_HAL_Driver/Src/stm32f7xx_hal_pcd_ex.c **** {
 131              		.loc 1 114 1 is_stmt 1 view -0
 132              		.cfi_startproc
 133              		@ args = 0, pretend = 0, frame = 0
 134              		@ frame_needed = 0, uses_anonymous_args = 0
 135              		@ link register save eliminated.
 115:Drivers/STM32F7xx_HAL_Driver/Src/stm32f7xx_hal_pcd_ex.c ****   hpcd->Instance->GRXFSIZ = size;
 136              		.loc 1 115 3 view .LVU34
 137              		.loc 1 115 7 is_stmt 0 view .LVU35
 138 0000 0368     		ldr	r3, [r0]
 139              		.loc 1 115 27 view .LVU36
 140 0002 5962     		str	r1, [r3, #36]
 116:Drivers/STM32F7xx_HAL_Driver/Src/stm32f7xx_hal_pcd_ex.c **** 
 117:Drivers/STM32F7xx_HAL_Driver/Src/stm32f7xx_hal_pcd_ex.c ****   return HAL_OK;
 141              		.loc 1 117 3 is_stmt 1 view .LVU37
 118:Drivers/STM32F7xx_HAL_Driver/Src/stm32f7xx_hal_pcd_ex.c **** }
 142              		.loc 1 118 1 is_stmt 0 view .LVU38
 143 0004 0020     		movs	r0, #0
 144              	.LVL12:
 145              		.loc 1 118 1 view .LVU39
 146 0006 7047     		bx	lr
 147              		.cfi_endproc
 148              	.LFE142:
 150              		.section	.text.HAL_PCDEx_ActivateLPM,"ax",%progbits
 151              		.align	1
 152              		.global	HAL_PCDEx_ActivateLPM
 153              		.syntax unified
ARM GAS  C:\msys64\tmp\ccXgvA7K.s 			page 6


 154              		.thumb
 155              		.thumb_func
 157              	HAL_PCDEx_ActivateLPM:
 158              	.LVL13:
 159              	.LFB143:
 119:Drivers/STM32F7xx_HAL_Driver/Src/stm32f7xx_hal_pcd_ex.c **** 
 120:Drivers/STM32F7xx_HAL_Driver/Src/stm32f7xx_hal_pcd_ex.c **** /**
 121:Drivers/STM32F7xx_HAL_Driver/Src/stm32f7xx_hal_pcd_ex.c ****   * @brief  Activate LPM feature.
 122:Drivers/STM32F7xx_HAL_Driver/Src/stm32f7xx_hal_pcd_ex.c ****   * @param  hpcd PCD handle
 123:Drivers/STM32F7xx_HAL_Driver/Src/stm32f7xx_hal_pcd_ex.c ****   * @retval HAL status
 124:Drivers/STM32F7xx_HAL_Driver/Src/stm32f7xx_hal_pcd_ex.c ****   */
 125:Drivers/STM32F7xx_HAL_Driver/Src/stm32f7xx_hal_pcd_ex.c **** HAL_StatusTypeDef HAL_PCDEx_ActivateLPM(PCD_HandleTypeDef *hpcd)
 126:Drivers/STM32F7xx_HAL_Driver/Src/stm32f7xx_hal_pcd_ex.c **** {
 160              		.loc 1 126 1 is_stmt 1 view -0
 161              		.cfi_startproc
 162              		@ args = 0, pretend = 0, frame = 0
 163              		@ frame_needed = 0, uses_anonymous_args = 0
 164              		@ link register save eliminated.
 165              		.loc 1 126 1 is_stmt 0 view .LVU41
 166 0000 0346     		mov	r3, r0
 127:Drivers/STM32F7xx_HAL_Driver/Src/stm32f7xx_hal_pcd_ex.c ****   USB_OTG_GlobalTypeDef *USBx = hpcd->Instance;
 167              		.loc 1 127 3 is_stmt 1 view .LVU42
 168              		.loc 1 127 26 is_stmt 0 view .LVU43
 169 0002 0268     		ldr	r2, [r0]
 170              	.LVL14:
 128:Drivers/STM32F7xx_HAL_Driver/Src/stm32f7xx_hal_pcd_ex.c **** 
 129:Drivers/STM32F7xx_HAL_Driver/Src/stm32f7xx_hal_pcd_ex.c ****   hpcd->lpm_active = 1U;
 171              		.loc 1 129 3 is_stmt 1 view .LVU44
 172              		.loc 1 129 20 is_stmt 0 view .LVU45
 173 0004 0121     		movs	r1, #1
 174 0006 C0F8FC13 		str	r1, [r0, #1020]
 130:Drivers/STM32F7xx_HAL_Driver/Src/stm32f7xx_hal_pcd_ex.c ****   hpcd->LPM_State = LPM_L0;
 175              		.loc 1 130 3 is_stmt 1 view .LVU46
 176              		.loc 1 130 19 is_stmt 0 view .LVU47
 177 000a 0020     		movs	r0, #0
 178              	.LVL15:
 179              		.loc 1 130 19 view .LVU48
 180 000c 83F8F403 		strb	r0, [r3, #1012]
 131:Drivers/STM32F7xx_HAL_Driver/Src/stm32f7xx_hal_pcd_ex.c ****   USBx->GINTMSK |= USB_OTG_GINTMSK_LPMINTM;
 181              		.loc 1 131 3 is_stmt 1 view .LVU49
 182              		.loc 1 131 17 is_stmt 0 view .LVU50
 183 0010 9369     		ldr	r3, [r2, #24]
 184              	.LVL16:
 185              		.loc 1 131 17 view .LVU51
 186 0012 43F00063 		orr	r3, r3, #134217728
 187 0016 9361     		str	r3, [r2, #24]
 132:Drivers/STM32F7xx_HAL_Driver/Src/stm32f7xx_hal_pcd_ex.c ****   USBx->GLPMCFG |= (USB_OTG_GLPMCFG_LPMEN | USB_OTG_GLPMCFG_LPMACK | USB_OTG_GLPMCFG_ENBESL);
 188              		.loc 1 132 3 is_stmt 1 view .LVU52
 189              		.loc 1 132 17 is_stmt 0 view .LVU53
 190 0018 516D     		ldr	r1, [r2, #84]
 191 001a 024B     		ldr	r3, .L9
 192 001c 0B43     		orrs	r3, r3, r1
 193 001e 5365     		str	r3, [r2, #84]
 133:Drivers/STM32F7xx_HAL_Driver/Src/stm32f7xx_hal_pcd_ex.c **** 
 134:Drivers/STM32F7xx_HAL_Driver/Src/stm32f7xx_hal_pcd_ex.c ****   return HAL_OK;
 194              		.loc 1 134 3 is_stmt 1 view .LVU54
 135:Drivers/STM32F7xx_HAL_Driver/Src/stm32f7xx_hal_pcd_ex.c **** }
ARM GAS  C:\msys64\tmp\ccXgvA7K.s 			page 7


 195              		.loc 1 135 1 is_stmt 0 view .LVU55
 196 0020 7047     		bx	lr
 197              	.L10:
 198 0022 00BF     		.align	2
 199              	.L9:
 200 0024 03000010 		.word	268435459
 201              		.cfi_endproc
 202              	.LFE143:
 204              		.section	.text.HAL_PCDEx_DeActivateLPM,"ax",%progbits
 205              		.align	1
 206              		.global	HAL_PCDEx_DeActivateLPM
 207              		.syntax unified
 208              		.thumb
 209              		.thumb_func
 211              	HAL_PCDEx_DeActivateLPM:
 212              	.LVL17:
 213              	.LFB144:
 136:Drivers/STM32F7xx_HAL_Driver/Src/stm32f7xx_hal_pcd_ex.c **** 
 137:Drivers/STM32F7xx_HAL_Driver/Src/stm32f7xx_hal_pcd_ex.c **** /**
 138:Drivers/STM32F7xx_HAL_Driver/Src/stm32f7xx_hal_pcd_ex.c ****   * @brief  Deactivate LPM feature.
 139:Drivers/STM32F7xx_HAL_Driver/Src/stm32f7xx_hal_pcd_ex.c ****   * @param  hpcd PCD handle
 140:Drivers/STM32F7xx_HAL_Driver/Src/stm32f7xx_hal_pcd_ex.c ****   * @retval HAL status
 141:Drivers/STM32F7xx_HAL_Driver/Src/stm32f7xx_hal_pcd_ex.c ****   */
 142:Drivers/STM32F7xx_HAL_Driver/Src/stm32f7xx_hal_pcd_ex.c **** HAL_StatusTypeDef HAL_PCDEx_DeActivateLPM(PCD_HandleTypeDef *hpcd)
 143:Drivers/STM32F7xx_HAL_Driver/Src/stm32f7xx_hal_pcd_ex.c **** {
 214              		.loc 1 143 1 is_stmt 1 view -0
 215              		.cfi_startproc
 216              		@ args = 0, pretend = 0, frame = 0
 217              		@ frame_needed = 0, uses_anonymous_args = 0
 218              		@ link register save eliminated.
 219              		.loc 1 143 1 is_stmt 0 view .LVU57
 220 0000 0246     		mov	r2, r0
 144:Drivers/STM32F7xx_HAL_Driver/Src/stm32f7xx_hal_pcd_ex.c ****   USB_OTG_GlobalTypeDef *USBx = hpcd->Instance;
 221              		.loc 1 144 3 is_stmt 1 view .LVU58
 222              		.loc 1 144 26 is_stmt 0 view .LVU59
 223 0002 0368     		ldr	r3, [r0]
 224              	.LVL18:
 145:Drivers/STM32F7xx_HAL_Driver/Src/stm32f7xx_hal_pcd_ex.c **** 
 146:Drivers/STM32F7xx_HAL_Driver/Src/stm32f7xx_hal_pcd_ex.c ****   hpcd->lpm_active = 0U;
 225              		.loc 1 146 3 is_stmt 1 view .LVU60
 226              		.loc 1 146 20 is_stmt 0 view .LVU61
 227 0004 0020     		movs	r0, #0
 228              	.LVL19:
 229              		.loc 1 146 20 view .LVU62
 230 0006 C2F8FC03 		str	r0, [r2, #1020]
 147:Drivers/STM32F7xx_HAL_Driver/Src/stm32f7xx_hal_pcd_ex.c ****   USBx->GINTMSK &= ~USB_OTG_GINTMSK_LPMINTM;
 231              		.loc 1 147 3 is_stmt 1 view .LVU63
 232              		.loc 1 147 17 is_stmt 0 view .LVU64
 233 000a 9A69     		ldr	r2, [r3, #24]
 234              	.LVL20:
 235              		.loc 1 147 17 view .LVU65
 236 000c 22F00062 		bic	r2, r2, #134217728
 237 0010 9A61     		str	r2, [r3, #24]
 148:Drivers/STM32F7xx_HAL_Driver/Src/stm32f7xx_hal_pcd_ex.c ****   USBx->GLPMCFG &= ~(USB_OTG_GLPMCFG_LPMEN | USB_OTG_GLPMCFG_LPMACK | USB_OTG_GLPMCFG_ENBESL);
 238              		.loc 1 148 3 is_stmt 1 view .LVU66
 239              		.loc 1 148 17 is_stmt 0 view .LVU67
 240 0012 596D     		ldr	r1, [r3, #84]
ARM GAS  C:\msys64\tmp\ccXgvA7K.s 			page 8


 241 0014 014A     		ldr	r2, .L12
 242 0016 0A40     		ands	r2, r2, r1
 243 0018 5A65     		str	r2, [r3, #84]
 149:Drivers/STM32F7xx_HAL_Driver/Src/stm32f7xx_hal_pcd_ex.c **** 
 150:Drivers/STM32F7xx_HAL_Driver/Src/stm32f7xx_hal_pcd_ex.c ****   return HAL_OK;
 244              		.loc 1 150 3 is_stmt 1 view .LVU68
 151:Drivers/STM32F7xx_HAL_Driver/Src/stm32f7xx_hal_pcd_ex.c **** }
 245              		.loc 1 151 1 is_stmt 0 view .LVU69
 246 001a 7047     		bx	lr
 247              	.L13:
 248              		.align	2
 249              	.L12:
 250 001c FCFFFFEF 		.word	-268435460
 251              		.cfi_endproc
 252              	.LFE144:
 254              		.section	.text.HAL_PCDEx_LPM_Callback,"ax",%progbits
 255              		.align	1
 256              		.weak	HAL_PCDEx_LPM_Callback
 257              		.syntax unified
 258              		.thumb
 259              		.thumb_func
 261              	HAL_PCDEx_LPM_Callback:
 262              	.LVL21:
 263              	.LFB145:
 152:Drivers/STM32F7xx_HAL_Driver/Src/stm32f7xx_hal_pcd_ex.c **** 
 153:Drivers/STM32F7xx_HAL_Driver/Src/stm32f7xx_hal_pcd_ex.c **** #endif /* defined (USB_OTG_FS) || defined (USB_OTG_HS) */
 154:Drivers/STM32F7xx_HAL_Driver/Src/stm32f7xx_hal_pcd_ex.c **** 
 155:Drivers/STM32F7xx_HAL_Driver/Src/stm32f7xx_hal_pcd_ex.c **** /**
 156:Drivers/STM32F7xx_HAL_Driver/Src/stm32f7xx_hal_pcd_ex.c ****   * @brief  Send LPM message to user layer callback.
 157:Drivers/STM32F7xx_HAL_Driver/Src/stm32f7xx_hal_pcd_ex.c ****   * @param  hpcd PCD handle
 158:Drivers/STM32F7xx_HAL_Driver/Src/stm32f7xx_hal_pcd_ex.c ****   * @param  msg LPM message
 159:Drivers/STM32F7xx_HAL_Driver/Src/stm32f7xx_hal_pcd_ex.c ****   * @retval HAL status
 160:Drivers/STM32F7xx_HAL_Driver/Src/stm32f7xx_hal_pcd_ex.c ****   */
 161:Drivers/STM32F7xx_HAL_Driver/Src/stm32f7xx_hal_pcd_ex.c **** __weak void HAL_PCDEx_LPM_Callback(PCD_HandleTypeDef *hpcd, PCD_LPM_MsgTypeDef msg)
 162:Drivers/STM32F7xx_HAL_Driver/Src/stm32f7xx_hal_pcd_ex.c **** {
 264              		.loc 1 162 1 is_stmt 1 view -0
 265              		.cfi_startproc
 266              		@ args = 0, pretend = 0, frame = 0
 267              		@ frame_needed = 0, uses_anonymous_args = 0
 268              		@ link register save eliminated.
 163:Drivers/STM32F7xx_HAL_Driver/Src/stm32f7xx_hal_pcd_ex.c ****   /* Prevent unused argument(s) compilation warning */
 164:Drivers/STM32F7xx_HAL_Driver/Src/stm32f7xx_hal_pcd_ex.c ****   UNUSED(hpcd);
 269              		.loc 1 164 3 view .LVU71
 165:Drivers/STM32F7xx_HAL_Driver/Src/stm32f7xx_hal_pcd_ex.c ****   UNUSED(msg);
 270              		.loc 1 165 3 view .LVU72
 166:Drivers/STM32F7xx_HAL_Driver/Src/stm32f7xx_hal_pcd_ex.c **** 
 167:Drivers/STM32F7xx_HAL_Driver/Src/stm32f7xx_hal_pcd_ex.c ****   /* NOTE : This function should not be modified, when the callback is needed,
 168:Drivers/STM32F7xx_HAL_Driver/Src/stm32f7xx_hal_pcd_ex.c ****             the HAL_PCDEx_LPM_Callback could be implemented in the user file
 169:Drivers/STM32F7xx_HAL_Driver/Src/stm32f7xx_hal_pcd_ex.c ****    */
 170:Drivers/STM32F7xx_HAL_Driver/Src/stm32f7xx_hal_pcd_ex.c **** }
 271              		.loc 1 170 1 is_stmt 0 view .LVU73
 272 0000 7047     		bx	lr
 273              		.cfi_endproc
 274              	.LFE145:
 276              		.section	.text.HAL_PCDEx_BCD_Callback,"ax",%progbits
 277              		.align	1
 278              		.weak	HAL_PCDEx_BCD_Callback
ARM GAS  C:\msys64\tmp\ccXgvA7K.s 			page 9


 279              		.syntax unified
 280              		.thumb
 281              		.thumb_func
 283              	HAL_PCDEx_BCD_Callback:
 284              	.LVL22:
 285              	.LFB146:
 171:Drivers/STM32F7xx_HAL_Driver/Src/stm32f7xx_hal_pcd_ex.c **** 
 172:Drivers/STM32F7xx_HAL_Driver/Src/stm32f7xx_hal_pcd_ex.c **** /**
 173:Drivers/STM32F7xx_HAL_Driver/Src/stm32f7xx_hal_pcd_ex.c ****   * @brief  Send BatteryCharging message to user layer callback.
 174:Drivers/STM32F7xx_HAL_Driver/Src/stm32f7xx_hal_pcd_ex.c ****   * @param  hpcd PCD handle
 175:Drivers/STM32F7xx_HAL_Driver/Src/stm32f7xx_hal_pcd_ex.c ****   * @param  msg LPM message
 176:Drivers/STM32F7xx_HAL_Driver/Src/stm32f7xx_hal_pcd_ex.c ****   * @retval HAL status
 177:Drivers/STM32F7xx_HAL_Driver/Src/stm32f7xx_hal_pcd_ex.c ****   */
 178:Drivers/STM32F7xx_HAL_Driver/Src/stm32f7xx_hal_pcd_ex.c **** __weak void HAL_PCDEx_BCD_Callback(PCD_HandleTypeDef *hpcd, PCD_BCD_MsgTypeDef msg)
 179:Drivers/STM32F7xx_HAL_Driver/Src/stm32f7xx_hal_pcd_ex.c **** {
 286              		.loc 1 179 1 is_stmt 1 view -0
 287              		.cfi_startproc
 288              		@ args = 0, pretend = 0, frame = 0
 289              		@ frame_needed = 0, uses_anonymous_args = 0
 290              		@ link register save eliminated.
 180:Drivers/STM32F7xx_HAL_Driver/Src/stm32f7xx_hal_pcd_ex.c ****   /* Prevent unused argument(s) compilation warning */
 181:Drivers/STM32F7xx_HAL_Driver/Src/stm32f7xx_hal_pcd_ex.c ****   UNUSED(hpcd);
 291              		.loc 1 181 3 view .LVU75
 182:Drivers/STM32F7xx_HAL_Driver/Src/stm32f7xx_hal_pcd_ex.c ****   UNUSED(msg);
 292              		.loc 1 182 3 view .LVU76
 183:Drivers/STM32F7xx_HAL_Driver/Src/stm32f7xx_hal_pcd_ex.c **** 
 184:Drivers/STM32F7xx_HAL_Driver/Src/stm32f7xx_hal_pcd_ex.c ****   /* NOTE : This function should not be modified, when the callback is needed,
 185:Drivers/STM32F7xx_HAL_Driver/Src/stm32f7xx_hal_pcd_ex.c ****             the HAL_PCDEx_BCD_Callback could be implemented in the user file
 186:Drivers/STM32F7xx_HAL_Driver/Src/stm32f7xx_hal_pcd_ex.c ****    */
 187:Drivers/STM32F7xx_HAL_Driver/Src/stm32f7xx_hal_pcd_ex.c **** }
 293              		.loc 1 187 1 is_stmt 0 view .LVU77
 294 0000 7047     		bx	lr
 295              		.cfi_endproc
 296              	.LFE146:
 298              		.text
 299              	.Letext0:
 300              		.file 2 "c:\\gnu arm embedded toolchain\\10 2021.10\\arm-none-eabi\\include\\machine\\_default_typ
 301              		.file 3 "c:\\gnu arm embedded toolchain\\10 2021.10\\arm-none-eabi\\include\\sys\\_stdint.h"
 302              		.file 4 "Drivers/CMSIS/Device/ST/STM32F7xx/Include/stm32f746xx.h"
 303              		.file 5 "Drivers/STM32F7xx_HAL_Driver/Inc/stm32f7xx_hal_def.h"
 304              		.file 6 "Drivers/STM32F7xx_HAL_Driver/Inc/stm32f7xx_ll_usb.h"
 305              		.file 7 "Drivers/STM32F7xx_HAL_Driver/Inc/stm32f7xx_hal_pcd.h"
ARM GAS  C:\msys64\tmp\ccXgvA7K.s 			page 10


DEFINED SYMBOLS
                            *ABS*:00000000 stm32f7xx_hal_pcd_ex.c
C:\msys64\tmp\ccXgvA7K.s:20     .text.HAL_PCDEx_SetTxFiFo:00000000 $t
C:\msys64\tmp\ccXgvA7K.s:26     .text.HAL_PCDEx_SetTxFiFo:00000000 HAL_PCDEx_SetTxFiFo
C:\msys64\tmp\ccXgvA7K.s:122    .text.HAL_PCDEx_SetRxFiFo:00000000 $t
C:\msys64\tmp\ccXgvA7K.s:128    .text.HAL_PCDEx_SetRxFiFo:00000000 HAL_PCDEx_SetRxFiFo
C:\msys64\tmp\ccXgvA7K.s:151    .text.HAL_PCDEx_ActivateLPM:00000000 $t
C:\msys64\tmp\ccXgvA7K.s:157    .text.HAL_PCDEx_ActivateLPM:00000000 HAL_PCDEx_ActivateLPM
C:\msys64\tmp\ccXgvA7K.s:200    .text.HAL_PCDEx_ActivateLPM:00000024 $d
C:\msys64\tmp\ccXgvA7K.s:205    .text.HAL_PCDEx_DeActivateLPM:00000000 $t
C:\msys64\tmp\ccXgvA7K.s:211    .text.HAL_PCDEx_DeActivateLPM:00000000 HAL_PCDEx_DeActivateLPM
C:\msys64\tmp\ccXgvA7K.s:250    .text.HAL_PCDEx_DeActivateLPM:0000001c $d
C:\msys64\tmp\ccXgvA7K.s:255    .text.HAL_PCDEx_LPM_Callback:00000000 $t
C:\msys64\tmp\ccXgvA7K.s:261    .text.HAL_PCDEx_LPM_Callback:00000000 HAL_PCDEx_LPM_Callback
C:\msys64\tmp\ccXgvA7K.s:277    .text.HAL_PCDEx_BCD_Callback:00000000 $t
C:\msys64\tmp\ccXgvA7K.s:283    .text.HAL_PCDEx_BCD_Callback:00000000 HAL_PCDEx_BCD_Callback

NO UNDEFINED SYMBOLS
